<?xml version="1.0" encoding="UTF-8"?>
<testsuite xmlns:xsi="http://www.w3.org/2001/XMLSchema-instance" xsi:noNamespaceSchemaLocation="https://maven.apache.org/surefire/maven-surefire-plugin/xsd/surefire-test-report.xsd" version="3.0.1" name="TestSuite" time="529.254" tests="48" errors="0" skipped="0" failures="0">
  <properties>
    <property name="java.specification.version" value="23"/>
    <property name="sun.cpu.isalist" value="amd64"/>
    <property name="sun.jnu.encoding" value="Cp1252"/>
    <property name="sun.awt.enableExtraMouseButtons" value="true"/>
    <property name="java.class.path" value="D:\eclipse-workplace\OdelProject\target\test-classes;D:\eclipse-workplace\OdelProject\target\classes;C:\Users\yasin\.m2\repository\org\seleniumhq\selenium\selenium-java\4.27.0\selenium-java-4.27.0.jar;C:\Users\yasin\.m2\repository\org\seleniumhq\selenium\selenium-api\4.27.0\selenium-api-4.27.0.jar;C:\Users\yasin\.m2\repository\org\jspecify\jspecify\1.0.0\jspecify-1.0.0.jar;C:\Users\yasin\.m2\repository\org\seleniumhq\selenium\selenium-chrome-driver\4.27.0\selenium-chrome-driver-4.27.0.jar;C:\Users\yasin\.m2\repository\com\google\auto\service\auto-service-annotations\1.1.1\auto-service-annotations-1.1.1.jar;C:\Users\yasin\.m2\repository\org\seleniumhq\selenium\selenium-chromium-driver\4.27.0\selenium-chromium-driver-4.27.0.jar;C:\Users\yasin\.m2\repository\org\seleniumhq\selenium\selenium-json\4.27.0\selenium-json-4.27.0.jar;C:\Users\yasin\.m2\repository\org\seleniumhq\selenium\selenium-manager\4.27.0\selenium-manager-4.27.0.jar;C:\Users\yasin\.m2\repository\org\seleniumhq\selenium\selenium-devtools-v129\4.27.0\selenium-devtools-v129-4.27.0.jar;C:\Users\yasin\.m2\repository\org\seleniumhq\selenium\selenium-devtools-v130\4.27.0\selenium-devtools-v130-4.27.0.jar;C:\Users\yasin\.m2\repository\org\seleniumhq\selenium\selenium-devtools-v131\4.27.0\selenium-devtools-v131-4.27.0.jar;C:\Users\yasin\.m2\repository\org\seleniumhq\selenium\selenium-devtools-v85\4.27.0\selenium-devtools-v85-4.27.0.jar;C:\Users\yasin\.m2\repository\org\seleniumhq\selenium\selenium-edge-driver\4.27.0\selenium-edge-driver-4.27.0.jar;C:\Users\yasin\.m2\repository\org\seleniumhq\selenium\selenium-firefox-driver\4.27.0\selenium-firefox-driver-4.27.0.jar;C:\Users\yasin\.m2\repository\org\seleniumhq\selenium\selenium-http\4.27.0\selenium-http-4.27.0.jar;C:\Users\yasin\.m2\repository\dev\failsafe\failsafe\3.3.2\failsafe-3.3.2.jar;C:\Users\yasin\.m2\repository\org\seleniumhq\selenium\selenium-ie-driver\4.27.0\selenium-ie-driver-4.27.0.jar;C:\Users\yasin\.m2\repository\org\seleniumhq\selenium\selenium-remote-driver\4.27.0\selenium-remote-driver-4.27.0.jar;C:\Users\yasin\.m2\repository\com\google\guava\guava\33.3.1-jre\guava-33.3.1-jre.jar;C:\Users\yasin\.m2\repository\com\google\guava\failureaccess\1.0.2\failureaccess-1.0.2.jar;C:\Users\yasin\.m2\repository\com\google\guava\listenablefuture\9999.0-empty-to-avoid-conflict-with-guava\listenablefuture-9999.0-empty-to-avoid-conflict-with-guava.jar;C:\Users\yasin\.m2\repository\com\google\code\findbugs\jsr305\3.0.2\jsr305-3.0.2.jar;C:\Users\yasin\.m2\repository\org\checkerframework\checker-qual\3.43.0\checker-qual-3.43.0.jar;C:\Users\yasin\.m2\repository\com\google\errorprone\error_prone_annotations\2.28.0\error_prone_annotations-2.28.0.jar;C:\Users\yasin\.m2\repository\com\google\j2objc\j2objc-annotations\3.0.0\j2objc-annotations-3.0.0.jar;C:\Users\yasin\.m2\repository\io\opentelemetry\semconv\opentelemetry-semconv\1.25.0-alpha\opentelemetry-semconv-1.25.0-alpha.jar;C:\Users\yasin\.m2\repository\io\opentelemetry\opentelemetry-api\1.44.1\opentelemetry-api-1.44.1.jar;C:\Users\yasin\.m2\repository\io\opentelemetry\opentelemetry-context\1.44.1\opentelemetry-context-1.44.1.jar;C:\Users\yasin\.m2\repository\io\opentelemetry\opentelemetry-exporter-logging\1.44.1\opentelemetry-exporter-logging-1.44.1.jar;C:\Users\yasin\.m2\repository\io\opentelemetry\opentelemetry-sdk-common\1.44.1\opentelemetry-sdk-common-1.44.1.jar;C:\Users\yasin\.m2\repository\io\opentelemetry\opentelemetry-sdk-extension-autoconfigure-spi\1.44.1\opentelemetry-sdk-extension-autoconfigure-spi-1.44.1.jar;C:\Users\yasin\.m2\repository\io\opentelemetry\opentelemetry-sdk-extension-autoconfigure\1.44.1\opentelemetry-sdk-extension-autoconfigure-1.44.1.jar;C:\Users\yasin\.m2\repository\io\opentelemetry\opentelemetry-api-incubator\1.44.1-alpha\opentelemetry-api-incubator-1.44.1-alpha.jar;C:\Users\yasin\.m2\repository\io\opentelemetry\opentelemetry-sdk-trace\1.44.1\opentelemetry-sdk-trace-1.44.1.jar;C:\Users\yasin\.m2\repository\io\opentelemetry\opentelemetry-sdk\1.44.1\opentelemetry-sdk-1.44.1.jar;C:\Users\yasin\.m2\repository\io\opentelemetry\opentelemetry-sdk-metrics\1.44.1\opentelemetry-sdk-metrics-1.44.1.jar;C:\Users\yasin\.m2\repository\io\opentelemetry\opentelemetry-sdk-logs\1.44.1\opentelemetry-sdk-logs-1.44.1.jar;C:\Users\yasin\.m2\repository\net\bytebuddy\byte-buddy\1.15.10\byte-buddy-1.15.10.jar;C:\Users\yasin\.m2\repository\org\seleniumhq\selenium\selenium-os\4.27.0\selenium-os-4.27.0.jar;C:\Users\yasin\.m2\repository\org\apache\commons\commons-exec\1.4.0\commons-exec-1.4.0.jar;C:\Users\yasin\.m2\repository\org\seleniumhq\selenium\selenium-safari-driver\4.27.0\selenium-safari-driver-4.27.0.jar;C:\Users\yasin\.m2\repository\org\seleniumhq\selenium\selenium-support\4.27.0\selenium-support-4.27.0.jar;C:\Users\yasin\.m2\repository\org\testng\testng\7.10.2\testng-7.10.2.jar;C:\Users\yasin\.m2\repository\org\slf4j\slf4j-api\1.7.36\slf4j-api-1.7.36.jar;C:\Users\yasin\.m2\repository\com\beust\jcommander\1.82\jcommander-1.82.jar;C:\Users\yasin\.m2\repository\org\webjars\jquery\3.7.1\jquery-3.7.1.jar;C:\Users\yasin\.m2\repository\org\apache\poi\poi\5.4.0\poi-5.4.0.jar;C:\Users\yasin\.m2\repository\commons-codec\commons-codec\1.17.1\commons-codec-1.17.1.jar;C:\Users\yasin\.m2\repository\org\apache\commons\commons-collections4\4.4\commons-collections4-4.4.jar;C:\Users\yasin\.m2\repository\org\apache\commons\commons-math3\3.6.1\commons-math3-3.6.1.jar;C:\Users\yasin\.m2\repository\commons-io\commons-io\2.18.0\commons-io-2.18.0.jar;C:\Users\yasin\.m2\repository\com\zaxxer\SparseBitSet\1.3\SparseBitSet-1.3.jar;C:\Users\yasin\.m2\repository\org\apache\logging\log4j\log4j-api\2.24.3\log4j-api-2.24.3.jar;C:\Users\yasin\.m2\repository\com\aventstack\extentreports\5.1.2\extentreports-5.1.2.jar;C:\Users\yasin\.m2\repository\io\reactivex\rxjava3\rxjava\3.1.6\rxjava-3.1.6.jar;C:\Users\yasin\.m2\repository\org\reactivestreams\reactive-streams\1.0.4\reactive-streams-1.0.4.jar;C:\Users\yasin\.m2\repository\org\freemarker\freemarker\2.3.32\freemarker-2.3.32.jar;C:\Users\yasin\.m2\repository\org\projectlombok\lombok\1.18.26\lombok-1.18.26.jar;C:\Users\yasin\.m2\repository\com\google\code\gson\gson\2.10.1\gson-2.10.1.jar;C:\Users\yasin\.m2\repository\org\apache\poi\poi-ooxml\5.2.3\poi-ooxml-5.2.3.jar;C:\Users\yasin\.m2\repository\org\apache\poi\poi-ooxml-lite\5.2.3\poi-ooxml-lite-5.2.3.jar;C:\Users\yasin\.m2\repository\org\apache\xmlbeans\xmlbeans\5.1.1\xmlbeans-5.1.1.jar;C:\Users\yasin\.m2\repository\org\apache\commons\commons-compress\1.21\commons-compress-1.21.jar;C:\Users\yasin\.m2\repository\com\github\virtuald\curvesapi\1.07\curvesapi-1.07.jar;C:\Users\yasin\.m2\repository\org\apache\logging\log4j\log4j-core\3.0.0-beta3\log4j-core-3.0.0-beta3.jar;C:\Users\yasin\.m2\repository\org\apache\logging\log4j\log4j-kit\3.0.0-beta3\log4j-kit-3.0.0-beta3.jar;C:\Users\yasin\.m2\repository\org\apache\logging\log4j\log4j-plugins\3.0.0-beta3\log4j-plugins-3.0.0-beta3.jar;C:\Users\yasin\.m2\repository\org\apache\logging\log4j\log4j-slf4j-impl\3.0.0-beta2\log4j-slf4j-impl-3.0.0-beta2.jar;"/>
    <property name="java.vm.vendor" value="Eclipse Adoptium"/>
    <property name="sun.arch.data.model" value="64"/>
    <property name="user.variant" value=""/>
    <property name="java.vendor.url" value="https://adoptium.net/"/>
    <property name="user.timezone" value="Asia/Colombo"/>
    <property name="os.name" value="Windows 11"/>
    <property name="java.vm.specification.version" value="23"/>
    <property name="sun.java.launcher" value="SUN_STANDARD"/>
    <property name="user.country" value="US"/>
    <property name="sun.boot.library.path" value="C:\Users\yasin\.p2\pool\plugins\org.eclipse.justj.openjdk.hotspot.jre.full.win32.x86_64_23.0.1.v20241024-1700\jre\bin"/>
    <property name="sun.java.command" value="C:\Users\yasin\AppData\Local\Temp\surefire10715569748853733318\surefirebooter-20250111150346580_3.jar C:\Users\yasin\AppData\Local\Temp\surefire10715569748853733318 2025-01-11T15-03-46_440-jvmRun1 surefire-20250111150346580_1tmp surefire_0-20250111150346580_2tmp"/>
    <property name="jdk.debug" value="release"/>
    <property name="surefire.test.class.path" value="D:\eclipse-workplace\OdelProject\target\test-classes;D:\eclipse-workplace\OdelProject\target\classes;C:\Users\yasin\.m2\repository\org\seleniumhq\selenium\selenium-java\4.27.0\selenium-java-4.27.0.jar;C:\Users\yasin\.m2\repository\org\seleniumhq\selenium\selenium-api\4.27.0\selenium-api-4.27.0.jar;C:\Users\yasin\.m2\repository\org\jspecify\jspecify\1.0.0\jspecify-1.0.0.jar;C:\Users\yasin\.m2\repository\org\seleniumhq\selenium\selenium-chrome-driver\4.27.0\selenium-chrome-driver-4.27.0.jar;C:\Users\yasin\.m2\repository\com\google\auto\service\auto-service-annotations\1.1.1\auto-service-annotations-1.1.1.jar;C:\Users\yasin\.m2\repository\org\seleniumhq\selenium\selenium-chromium-driver\4.27.0\selenium-chromium-driver-4.27.0.jar;C:\Users\yasin\.m2\repository\org\seleniumhq\selenium\selenium-json\4.27.0\selenium-json-4.27.0.jar;C:\Users\yasin\.m2\repository\org\seleniumhq\selenium\selenium-manager\4.27.0\selenium-manager-4.27.0.jar;C:\Users\yasin\.m2\repository\org\seleniumhq\selenium\selenium-devtools-v129\4.27.0\selenium-devtools-v129-4.27.0.jar;C:\Users\yasin\.m2\repository\org\seleniumhq\selenium\selenium-devtools-v130\4.27.0\selenium-devtools-v130-4.27.0.jar;C:\Users\yasin\.m2\repository\org\seleniumhq\selenium\selenium-devtools-v131\4.27.0\selenium-devtools-v131-4.27.0.jar;C:\Users\yasin\.m2\repository\org\seleniumhq\selenium\selenium-devtools-v85\4.27.0\selenium-devtools-v85-4.27.0.jar;C:\Users\yasin\.m2\repository\org\seleniumhq\selenium\selenium-edge-driver\4.27.0\selenium-edge-driver-4.27.0.jar;C:\Users\yasin\.m2\repository\org\seleniumhq\selenium\selenium-firefox-driver\4.27.0\selenium-firefox-driver-4.27.0.jar;C:\Users\yasin\.m2\repository\org\seleniumhq\selenium\selenium-http\4.27.0\selenium-http-4.27.0.jar;C:\Users\yasin\.m2\repository\dev\failsafe\failsafe\3.3.2\failsafe-3.3.2.jar;C:\Users\yasin\.m2\repository\org\seleniumhq\selenium\selenium-ie-driver\4.27.0\selenium-ie-driver-4.27.0.jar;C:\Users\yasin\.m2\repository\org\seleniumhq\selenium\selenium-remote-driver\4.27.0\selenium-remote-driver-4.27.0.jar;C:\Users\yasin\.m2\repository\com\google\guava\guava\33.3.1-jre\guava-33.3.1-jre.jar;C:\Users\yasin\.m2\repository\com\google\guava\failureaccess\1.0.2\failureaccess-1.0.2.jar;C:\Users\yasin\.m2\repository\com\google\guava\listenablefuture\9999.0-empty-to-avoid-conflict-with-guava\listenablefuture-9999.0-empty-to-avoid-conflict-with-guava.jar;C:\Users\yasin\.m2\repository\com\google\code\findbugs\jsr305\3.0.2\jsr305-3.0.2.jar;C:\Users\yasin\.m2\repository\org\checkerframework\checker-qual\3.43.0\checker-qual-3.43.0.jar;C:\Users\yasin\.m2\repository\com\google\errorprone\error_prone_annotations\2.28.0\error_prone_annotations-2.28.0.jar;C:\Users\yasin\.m2\repository\com\google\j2objc\j2objc-annotations\3.0.0\j2objc-annotations-3.0.0.jar;C:\Users\yasin\.m2\repository\io\opentelemetry\semconv\opentelemetry-semconv\1.25.0-alpha\opentelemetry-semconv-1.25.0-alpha.jar;C:\Users\yasin\.m2\repository\io\opentelemetry\opentelemetry-api\1.44.1\opentelemetry-api-1.44.1.jar;C:\Users\yasin\.m2\repository\io\opentelemetry\opentelemetry-context\1.44.1\opentelemetry-context-1.44.1.jar;C:\Users\yasin\.m2\repository\io\opentelemetry\opentelemetry-exporter-logging\1.44.1\opentelemetry-exporter-logging-1.44.1.jar;C:\Users\yasin\.m2\repository\io\opentelemetry\opentelemetry-sdk-common\1.44.1\opentelemetry-sdk-common-1.44.1.jar;C:\Users\yasin\.m2\repository\io\opentelemetry\opentelemetry-sdk-extension-autoconfigure-spi\1.44.1\opentelemetry-sdk-extension-autoconfigure-spi-1.44.1.jar;C:\Users\yasin\.m2\repository\io\opentelemetry\opentelemetry-sdk-extension-autoconfigure\1.44.1\opentelemetry-sdk-extension-autoconfigure-1.44.1.jar;C:\Users\yasin\.m2\repository\io\opentelemetry\opentelemetry-api-incubator\1.44.1-alpha\opentelemetry-api-incubator-1.44.1-alpha.jar;C:\Users\yasin\.m2\repository\io\opentelemetry\opentelemetry-sdk-trace\1.44.1\opentelemetry-sdk-trace-1.44.1.jar;C:\Users\yasin\.m2\repository\io\opentelemetry\opentelemetry-sdk\1.44.1\opentelemetry-sdk-1.44.1.jar;C:\Users\yasin\.m2\repository\io\opentelemetry\opentelemetry-sdk-metrics\1.44.1\opentelemetry-sdk-metrics-1.44.1.jar;C:\Users\yasin\.m2\repository\io\opentelemetry\opentelemetry-sdk-logs\1.44.1\opentelemetry-sdk-logs-1.44.1.jar;C:\Users\yasin\.m2\repository\net\bytebuddy\byte-buddy\1.15.10\byte-buddy-1.15.10.jar;C:\Users\yasin\.m2\repository\org\seleniumhq\selenium\selenium-os\4.27.0\selenium-os-4.27.0.jar;C:\Users\yasin\.m2\repository\org\apache\commons\commons-exec\1.4.0\commons-exec-1.4.0.jar;C:\Users\yasin\.m2\repository\org\seleniumhq\selenium\selenium-safari-driver\4.27.0\selenium-safari-driver-4.27.0.jar;C:\Users\yasin\.m2\repository\org\seleniumhq\selenium\selenium-support\4.27.0\selenium-support-4.27.0.jar;C:\Users\yasin\.m2\repository\org\testng\testng\7.10.2\testng-7.10.2.jar;C:\Users\yasin\.m2\repository\org\slf4j\slf4j-api\1.7.36\slf4j-api-1.7.36.jar;C:\Users\yasin\.m2\repository\com\beust\jcommander\1.82\jcommander-1.82.jar;C:\Users\yasin\.m2\repository\org\webjars\jquery\3.7.1\jquery-3.7.1.jar;C:\Users\yasin\.m2\repository\org\apache\poi\poi\5.4.0\poi-5.4.0.jar;C:\Users\yasin\.m2\repository\commons-codec\commons-codec\1.17.1\commons-codec-1.17.1.jar;C:\Users\yasin\.m2\repository\org\apache\commons\commons-collections4\4.4\commons-collections4-4.4.jar;C:\Users\yasin\.m2\repository\org\apache\commons\commons-math3\3.6.1\commons-math3-3.6.1.jar;C:\Users\yasin\.m2\repository\commons-io\commons-io\2.18.0\commons-io-2.18.0.jar;C:\Users\yasin\.m2\repository\com\zaxxer\SparseBitSet\1.3\SparseBitSet-1.3.jar;C:\Users\yasin\.m2\repository\org\apache\logging\log4j\log4j-api\2.24.3\log4j-api-2.24.3.jar;C:\Users\yasin\.m2\repository\com\aventstack\extentreports\5.1.2\extentreports-5.1.2.jar;C:\Users\yasin\.m2\repository\io\reactivex\rxjava3\rxjava\3.1.6\rxjava-3.1.6.jar;C:\Users\yasin\.m2\repository\org\reactivestreams\reactive-streams\1.0.4\reactive-streams-1.0.4.jar;C:\Users\yasin\.m2\repository\org\freemarker\freemarker\2.3.32\freemarker-2.3.32.jar;C:\Users\yasin\.m2\repository\org\projectlombok\lombok\1.18.26\lombok-1.18.26.jar;C:\Users\yasin\.m2\repository\com\google\code\gson\gson\2.10.1\gson-2.10.1.jar;C:\Users\yasin\.m2\repository\org\apache\poi\poi-ooxml\5.2.3\poi-ooxml-5.2.3.jar;C:\Users\yasin\.m2\repository\org\apache\poi\poi-ooxml-lite\5.2.3\poi-ooxml-lite-5.2.3.jar;C:\Users\yasin\.m2\repository\org\apache\xmlbeans\xmlbeans\5.1.1\xmlbeans-5.1.1.jar;C:\Users\yasin\.m2\repository\org\apache\commons\commons-compress\1.21\commons-compress-1.21.jar;C:\Users\yasin\.m2\repository\com\github\virtuald\curvesapi\1.07\curvesapi-1.07.jar;C:\Users\yasin\.m2\repository\org\apache\logging\log4j\log4j-core\3.0.0-beta3\log4j-core-3.0.0-beta3.jar;C:\Users\yasin\.m2\repository\org\apache\logging\log4j\log4j-kit\3.0.0-beta3\log4j-kit-3.0.0-beta3.jar;C:\Users\yasin\.m2\repository\org\apache\logging\log4j\log4j-plugins\3.0.0-beta3\log4j-plugins-3.0.0-beta3.jar;C:\Users\yasin\.m2\repository\org\apache\logging\log4j\log4j-slf4j-impl\3.0.0-beta2\log4j-slf4j-impl-3.0.0-beta2.jar;"/>
    <property name="sun.cpu.endian" value="little"/>
    <property name="user.home" value="C:\Users\yasin"/>
    <property name="user.language" value="en"/>
    <property name="java.specification.vendor" value="Oracle Corporation"/>
    <property name="java.version.date" value="2024-10-15"/>
    <property name="java.home" value="C:\Users\yasin\.p2\pool\plugins\org.eclipse.justj.openjdk.hotspot.jre.full.win32.x86_64_23.0.1.v20241024-1700\jre"/>
    <property name="file.separator" value="\"/>
    <property name="basedir" value="D:\eclipse-workplace\OdelProject"/>
    <property name="style.color" value="always"/>
    <property name="java.vm.compressedOopsMode" value="32-bit"/>
    <property name="line.separator" value="&#10;"/>
    <property name="java.vm.specification.vendor" value="Oracle Corporation"/>
    <property name="java.specification.name" value="Java Platform API Specification"/>
    <property name="surefire.real.class.path" value="C:\Users\yasin\AppData\Local\Temp\surefire10715569748853733318\surefirebooter-20250111150346580_3.jar"/>
    <property name="user.script" value=""/>
    <property name="sun.management.compiler" value="HotSpot 64-Bit Tiered Compilers"/>
    <property name="java.runtime.version" value="23.0.1+11"/>
    <property name="user.name" value="yasin"/>
    <property name="stdout.encoding" value="Cp1252"/>
    <property name="path.separator" value=";"/>
    <property name="os.version" value="10.0"/>
    <property name="java.runtime.name" value="OpenJDK Runtime Environment"/>
    <property name="file.encoding" value="UTF-8"/>
    <property name="java.vm.name" value="OpenJDK 64-Bit Server VM"/>
    <property name="java.vendor.version" value="Temurin-23.0.1+11"/>
    <property name="localRepository" value="C:\Users\yasin\.m2\repository"/>
    <property name="java.vendor.url.bug" value="https://github.com/adoptium/adoptium-support/issues"/>
    <property name="java.io.tmpdir" value="C:\Users\yasin\AppData\Local\Temp\"/>
    <property name="java.version" value="23.0.1"/>
    <property name="user.dir" value="D:\eclipse-workplace\OdelProject"/>
    <property name="os.arch" value="amd64"/>
    <property name="java.vm.specification.name" value="Java Virtual Machine Specification"/>
    <property name="sun.os.patch.level" value=""/>
    <property name="native.encoding" value="Cp1252"/>
    <property name="java.library.path" value="C:\Users\yasin\.p2\pool\plugins\org.eclipse.justj.openjdk.hotspot.jre.full.win32.x86_64_23.0.1.v20241024-1700\jre\bin;C:\WINDOWS\Sun\Java\bin;C:\WINDOWS\system32;C:\WINDOWS;C:/Users/yasin/.p2/pool/plugins/org.eclipse.justj.openjdk.hotspot.jre.full.win32.x86_64_23.0.1.v20241024-1700/jre/bin/server;C:/Users/yasin/.p2/pool/plugins/org.eclipse.justj.openjdk.hotspot.jre.full.win32.x86_64_23.0.1.v20241024-1700/jre/bin;C:\Program Files\Python311\Scripts\;C:\Program Files\Python311\;C:\Program Files\Eclipse Adoptium\jdk-11.0.22.7-hotspot\bin;C:\WINDOWS\system32;C:\WINDOWS;C:\WINDOWS\System32\Wbem;C:\WINDOWS\System32\WindowsPowerShell\v1.0\;C:\WINDOWS\System32\OpenSSH\;C:\Program Files\Git\cmd;C:\Program Files\Git\bin;C:\src\flutter\bin;C:\Program Files\nodejs\;C:\ProgramData\chocolatey\bin;C:\xampp\php;C:\Program Files\mosquitto\mosquitto_pub.exe;C:\Program Files\mosquitto\mosquitto_sub.exe;C:\ngrok\ngrok.exe;C:\Program Files\dotnet\;C:\Program Files\PuTTY\;C:\Program Files\MongoDB\mongosh-2.3.1-win32-x64\bin;C:\Program Files\MySQL\MySQL Server 8.4\bin;C:\Users\yasin\AppData\Roaming\Python\Python311\Scripts;C:\Program Files (x86)\Windows Kits\10\Windows Performance Toolkit\;C:\Program Files\Go\bin;C:\Program Files\Microsoft SQL Server\150\Tools\Binn\;C:\Program Files\Microsoft SQL Server\Client SDK\ODBC\170\Tools\Binn\;C:\Program Files (x86)\Microsoft SQL Server\160\Tools\Binn\;C:\Program Files\Microsoft SQL Server\160\Tools\Binn\;C:\Program Files\Microsoft SQL Server\160\DTS\Binn\;C:\Program Files (x86)\Microsoft SQL Server\160\DTS\Binn\;C:\Program Files\Microchip\xc8\v2.50\bin;C:\Users\yasin\AppData\Local\Microsoft\WindowsApps;C:\Users\yasin\AppData\Local\Programs\Microsoft VS Code\bin;C:\Users\yasin\AppData\Roaming\npm;C:\Program Files\JetBrains\PyCharm Community Edition 2024.1.2\bin;;C:\Users\yasin\AppData\Roaming\Python\Python311\Scripts;C:\Users\yasin\go\bin;C:\Users\yasin\.dotnet\tools;;C:\Users\yasin\Desktop;;."/>
    <property name="java.vm.info" value="mixed mode, sharing"/>
    <property name="stderr.encoding" value="Cp1252"/>
    <property name="java.vendor" value="Eclipse Adoptium"/>
    <property name="java.vm.version" value="23.0.1+11"/>
    <property name="sun.io.unicode.encoding" value="UnicodeLittle"/>
    <property name="java.class.version" value="67.0"/>
  </properties>
  <testcase name="verifyHomePageTitleTest" classname="com.odel.test.HomePageTest" time="0.019">
    <system-out><![CDATA[Setting up WebDriver for:HomePageTest
]]></system-out>
  </testcase>
  <testcase name="verifyHomePageLogoTest" classname="com.odel.test.HomePageTest" time="0.047">
    <system-out><![CDATA[Setting up WebDriver for:HomePageTest
]]></system-out>
  </testcase>
  <testcase name="verifyHomePageLogoClickTest" classname="com.odel.test.HomePageTest" time="1.891">
    <system-out><![CDATA[Setting up WebDriver for:HomePageTest
]]></system-out>
  </testcase>
  <testcase name="verifyHomePageSearchIconTest" classname="com.odel.test.HomePageTest" time="0.039">
    <system-out><![CDATA[Setting up WebDriver for:HomePageTest
]]></system-out>
  </testcase>
  <testcase name="verifyHomePageCartIconTest" classname="com.odel.test.HomePageTest" time="0.042">
    <system-out><![CDATA[Setting up WebDriver for:HomePageTest
]]></system-out>
  </testcase>
  <testcase name="verifyHomePageProfileIconTest" classname="com.odel.test.HomePageTest" time="0.042">
    <system-out><![CDATA[Setting up WebDriver for:HomePageTest
]]></system-out>
  </testcase>
  <testcase name="verifyHomePageAccountIconTest" classname="com.odel.test.HomePageTest" time="0.038">
    <system-out><![CDATA[Setting up WebDriver for:HomePageTest
]]></system-out>
  </testcase>
  <testcase name="verifyDealsLinkTest" classname="com.odel.test.HomePageTest" time="2.333">
    <system-out><![CDATA[Setting up WebDriver for:HomePageTest
]]></system-out>
  </testcase>
  <testcase name="verifyNewCollectionLinkTest" classname="com.odel.test.HomePageTest" time="2.164">
    <system-out><![CDATA[Setting up WebDriver for:HomePageTest
]]></system-out>
  </testcase>
  <testcase name="verifyShopByBrandsLinkTest" classname="com.odel.test.HomePageTest" time="1.208">
    <system-out><![CDATA[Setting up WebDriver for:HomePageTest
]]></system-out>
  </testcase>
  <testcase name="verifyUniSexLinkTest" classname="com.odel.test.HomePageTest" time="3.529">
    <system-out><![CDATA[Setting up WebDriver for:HomePageTest
]]></system-out>
  </testcase>
  <testcase name="verifyWomenLinkTest" classname="com.odel.test.HomePageTest" time="3.621">
    <system-out><![CDATA[Setting up WebDriver for:HomePageTest
]]></system-out>
  </testcase>
  <testcase name="verifyMenLinkTest" classname="com.odel.test.HomePageTest" time="2.913">
    <system-out><![CDATA[Setting up WebDriver for:HomePageTest
]]></system-out>
  </testcase>
  <testcase name="verifySportsLinkTest" classname="com.odel.test.HomePageTest" time="2.653">
    <system-out><![CDATA[Setting up WebDriver for:HomePageTest
]]></system-out>
  </testcase>
  <testcase name="verifyFootwearLinkTest" classname="com.odel.test.HomePageTest" time="3.705">
    <system-out><![CDATA[Setting up WebDriver for:HomePageTest
]]></system-out>
  </testcase>
  <testcase name="verifyBagsLinkTest" classname="com.odel.test.HomePageTest" time="3.753">
    <system-out><![CDATA[Setting up WebDriver for:HomePageTest
]]></system-out>
  </testcase>
  <testcase name="verifyWatchesAndSunglassesLinkTest" classname="com.odel.test.HomePageTest" time="2.308">
    <system-out><![CDATA[Setting up WebDriver for:HomePageTest
]]></system-out>
  </testcase>
  <testcase name="verifyJewelleryLinkTest" classname="com.odel.test.HomePageTest" time="2.801">
    <system-out><![CDATA[Setting up WebDriver for:HomePageTest
]]></system-out>
  </testcase>
  <testcase name="verifyKidsLinkTest" classname="com.odel.test.HomePageTest" time="3.494">
    <system-out><![CDATA[Setting up WebDriver for:HomePageTest
]]></system-out>
  </testcase>
  <testcase name="verifyHomeAndLifeStyleLinkTest" classname="com.odel.test.HomePageTest" time="2.603">
    <system-out><![CDATA[Setting up WebDriver for:HomePageTest
]]></system-out>
  </testcase>
  <testcase name="verifyFoodAndBeverageLinkTest" classname="com.odel.test.HomePageTest" time="3.989">
    <system-out><![CDATA[Setting up WebDriver for:HomePageTest
]]></system-out>
  </testcase>
  <testcase name="verifySouvenirsAndGiftsLinkTest" classname="com.odel.test.HomePageTest" time="3.153">
    <system-out><![CDATA[Setting up WebDriver for:HomePageTest
]]></system-out>
  </testcase>
  <testcase name="verifyLoginPageLinkTest" classname="com.odel.test.HomePageTest" time="2.599">
    <system-out><![CDATA[Setting up WebDriver for:HomePageTest
]]></system-out>
  </testcase>
  <testcase name="verifySignUpLinkTest" classname="com.odel.test.HomePageTest" time="2.094">
    <system-out><![CDATA[Setting up WebDriver for:HomePageTest
]]></system-out>
  </testcase>
  <testcase name="verifyLoginPageTitleTest" classname="com.odel.test.LoginPageTest" time="2.059">
    <system-out><![CDATA[Setting up WebDriver for:LoginPageTest
]]></system-out>
  </testcase>
  <testcase name="verifyLoginPageLabelTest" classname="com.odel.test.LoginPageTest" time="2.03">
    <system-out><![CDATA[Setting up WebDriver for:LoginPageTest
]]></system-out>
  </testcase>
  <testcase name="verifyLoginPageLogoClickTest" classname="com.odel.test.LoginPageTest" time="2.591">
    <system-out><![CDATA[Setting up WebDriver for:LoginPageTest
]]></system-out>
  </testcase>
  <testcase name="welcomeTextDisplayTest" classname="com.odel.test.LoginPageTest" time="1.996">
    <system-out><![CDATA[Setting up WebDriver for:LoginPageTest
]]></system-out>
  </testcase>
  <testcase name="verifySignUpPageButtonClickTest" classname="com.odel.test.LoginPageTest" time="1.472">
    <system-out><![CDATA[Setting up WebDriver for:LoginPageTest
]]></system-out>
  </testcase>
  <testcase name="verifyLoginPageBackButtonClickTest" classname="com.odel.test.LoginPageTest" time="1.0">
    <system-out><![CDATA[Setting up WebDriver for:LoginPageTest
]]></system-out>
  </testcase>
  <testcase name="passwordMaskingTest" classname="com.odel.test.LoginPageTest" time="1.09">
    <system-out><![CDATA[Setting up WebDriver for:LoginPageTest
]]></system-out>
  </testcase>
  <testcase name="forgotPasswordLinkTest" classname="com.odel.test.LoginPageTest" time="1.269">
    <system-out><![CDATA[Setting up WebDriver for:LoginPageTest
]]></system-out>
  </testcase>
  <testcase name="verifyLoginCredentials[bothcorrect, rixopo9775@wirelay.com, #Abc1234](1)" classname="com.odel.test.LoginPageTest" time="6.917">
    <system-out><![CDATA[Setting up WebDriver for:LoginPageTest
]]></system-out>
  </testcase>
  <testcase name="verifyLoginCredentials[bothwrong, admin@gmail.com, admin1234](2)" classname="com.odel.test.LoginPageTest" time="5.97">
    <system-out><![CDATA[Setting up WebDriver for:LoginPageTest
]]></system-out>
  </testcase>
  <testcase name="verifyLoginCredentials[correctusername, rixopo9775@wirelay.com, admin1234](3)" classname="com.odel.test.LoginPageTest" time="4.315">
    <system-out><![CDATA[Setting up WebDriver for:LoginPageTest
]]></system-out>
  </testcase>
  <testcase name="verifyLoginCredentials[correctpassword, admin@gmail.com, #Abc1234](4)" classname="com.odel.test.LoginPageTest" time="5.91">
    <system-out><![CDATA[Setting up WebDriver for:LoginPageTest
]]></system-out>
  </testcase>
  <testcase name="verifySignUpPageTitleTest" classname="com.odel.test.SignUpPageTest" time="1.304">
    <system-out><![CDATA[Setting up WebDriver for:SignUpPageTest
]]></system-out>
  </testcase>
  <testcase name="verifySignUpPageLabelTest" classname="com.odel.test.SignUpPageTest" time="1.19">
    <system-out><![CDATA[Setting up WebDriver for:SignUpPageTest
]]></system-out>
  </testcase>
  <testcase name="verifyLoginPageButtonClickTest" classname="com.odel.test.SignUpPageTest" time="1.51">
    <system-out><![CDATA[Setting up WebDriver for:SignUpPageTest
]]></system-out>
  </testcase>
  <testcase name="forgotPasswordLinkTest" classname="com.odel.test.SignUpPageTest" time="1.494">
    <system-out><![CDATA[Setting up WebDriver for:SignUpPageTest
]]></system-out>
  </testcase>
  <testcase name="welcomeTextDisplayTest" classname="com.odel.test.SignUpPageTest" time="2.293">
    <system-out><![CDATA[Setting up WebDriver for:SignUpPageTest
]]></system-out>
  </testcase>
  <testcase name="verifySignUpPageLogoClickTest" classname="com.odel.test.SignUpPageTest" time="2.993">
    <system-out><![CDATA[Setting up WebDriver for:SignUpPageTest
]]></system-out>
  </testcase>
  <testcase name="verifyDealsPageTitleTest" classname="com.odel.test.DealsPageTest" time="0.013">
    <system-out><![CDATA[Setting up WebDriver for:DealsPageTest
]]></system-out>
  </testcase>
  <testcase name="verifyNewCollectionPageTitleTest" classname="com.odel.test.NewCollectionPageTest" time="0.011">
    <system-out><![CDATA[Setting up WebDriver for:NewCollectionPageTest
]]></system-out>
  </testcase>
  <testcase name="verifyShopByBrandsPageTitleTest" classname="com.odel.test.ShopByBrandsPageTest" time="0.01">
    <system-out><![CDATA[Setting up WebDriver for:ShopByBrandsPageTest
]]></system-out>
  </testcase>
  <testcase name="verifyShopByBrandsPageLabelTest" classname="com.odel.test.ShopByBrandsPageTest" time="0.033">
    <system-out><![CDATA[Setting up WebDriver for:ShopByBrandsPageTest
]]></system-out>
  </testcase>
  <testcase name="verifyUniSexPageLabelTest" classname="com.odel.test.UniSexPageTest" time="0.038">
    <system-out><![CDATA[Setting up WebDriver for:UniSexPageTest
]]></system-out>
  </testcase>
  <testcase name="verifyUniSexPageLabelTest" classname="com.odel.test.WomenPageTest" time="0.038">
    <system-out><![CDATA[Setting up WebDriver for:WomenPageTest
]]></system-out>
  </testcase>
</testsuite>