<?xml version="1.0" encoding="UTF-8"?>
<!-- Generated by org.testng.reporters.JUnitReportReporter -->
<testsuite hostname="YASINTHA-PC" failures="0" tests="6" name="com.odel.test.SignUpPageTest" time="68.655" errors="0" timestamp="2025-01-12T22:53:40 IST" skipped="0">
  <testcase classname="com.odel.test.SignUpPageTest" name="verifySignUpPageTitleTest" time="10.879"/>
  <system-out/>
  <testcase classname="com.odel.test.SignUpPageTest" name="verifySignUpPageLabelTest" time="11.488"/>
  <system-out/>
  <testcase classname="com.odel.test.SignUpPageTest" name="verifyLoginPageButtonClickTest" time="11.879"/>
  <system-out/>
  <testcase classname="com.odel.test.SignUpPageTest" name="welcomeTextDisplayTest" time="9.851"/>
  <system-out/>
  <testcase classname="com.odel.test.SignUpPageTest" name="forgotPasswordLinkTest" time="11.650"/>
  <system-out/>
  <testcase classname="com.odel.test.SignUpPageTest" name="verifySignUpPageLogoClickTest" time="12.908"/>
  <system-out/>
</testsuite> <!-- com.odel.test.SignUpPageTest -->
