<?xml version="1.0" encoding="UTF-8"?>
<!-- Generated by org.testng.reporters.JUnitReportReporter -->
<testsuite hostname="YASINTHA-PC" failures="0" tests="2" name="com.odel.test.DealsPageTest" time="29.904" errors="0" timestamp="2025-01-12T14:29:34 IST" skipped="0">
  <testcase classname="com.odel.test.DealsPageTest" name="verifyDealsPageTitleTest" time="15.370"/>
  <system-out/>
  <testcase classname="com.odel.test.DealsPageTest" name="verifyDealsPageTitleTest" time="14.534"/>
  <system-out/>
</testsuite> <!-- com.odel.test.DealsPageTest -->
