<?xml version="1.0" encoding="UTF-8"?>
<!-- Generated by org.testng.reporters.JUnitReportReporter -->
<testsuite hostname="YASINTHA-PC" failures="0" tests="1" name="com.odel.test.FoodAndBeveragePageTest" time="13.588" errors="0" timestamp="2025-01-11T16:07:10 IST" skipped="0">
  <testcase classname="com.odel.test.FoodAndBeveragePageTest" name="verifyFoodAndBeveragePageTitleTest" time="13.588"/>
  <system-out/>
</testsuite> <!-- com.odel.test.FoodAndBeveragePageTest -->
