<?xml version="1.0" encoding="UTF-8"?>
<!-- Generated by org.testng.reporters.JUnitReportReporter -->
<testsuite hostname="YASINTHA-PC" failures="0" tests="24" name="com.odel.test.LoginPageTest" time="300.784" errors="0" timestamp="2025-01-12T14:29:34 IST" skipped="0">
  <testcase classname="com.odel.test.LoginPageTest" name="verifyLoginPageTitleTest" time="9.998"/>
  <system-out/>
  <testcase classname="com.odel.test.LoginPageTest" name="verifyLoginPageTitleTest" time="11.458"/>
  <system-out/>
  <testcase classname="com.odel.test.LoginPageTest" name="verifyLoginPageLabelTest" time="11.320"/>
  <system-out/>
  <testcase classname="com.odel.test.LoginPageTest" name="verifyLoginPageLabelTest" time="12.475"/>
  <system-out/>
  <testcase classname="com.odel.test.LoginPageTest" name="verifyLoginPageLogoClickTest" time="12.784"/>
  <system-out/>
  <testcase classname="com.odel.test.LoginPageTest" name="verifyLoginPageLogoClickTest" time="10.815"/>
  <system-out/>
  <testcase classname="com.odel.test.LoginPageTest" name="welcomeTextDisplayTest" time="13.742"/>
  <system-out/>
  <testcase classname="com.odel.test.LoginPageTest" name="welcomeTextDisplayTest" time="9.262"/>
  <system-out/>
  <testcase classname="com.odel.test.LoginPageTest" name="verifySignUpPageButtonClickTest" time="13.057"/>
  <system-out/>
  <testcase classname="com.odel.test.LoginPageTest" name="verifySignUpPageButtonClickTest" time="13.079"/>
  <system-out/>
  <testcase classname="com.odel.test.LoginPageTest" name="verifyLoginPageBackButtonClickTest" time="13.377"/>
  <system-out/>
  <testcase classname="com.odel.test.LoginPageTest" name="verifyLoginPageBackButtonClickTest" time="9.892"/>
  <system-out/>
  <testcase classname="com.odel.test.LoginPageTest" name="passwordMaskingTest" time="12.451"/>
  <system-out/>
  <testcase classname="com.odel.test.LoginPageTest" name="passwordMaskingTest" time="9.939"/>
  <system-out/>
  <testcase classname="com.odel.test.LoginPageTest" name="forgotPasswordLinkTest" time="9.153"/>
  <system-out/>
  <testcase classname="com.odel.test.LoginPageTest" name="forgotPasswordLinkTest" time="13.449"/>
  <system-out/>
  <testcase classname="com.odel.test.LoginPageTest" name="verifyLoginCredentials" time="15.731"/>
  <system-out/>
  <testcase classname="com.odel.test.LoginPageTest" name="verifyLoginCredentials" time="11.994"/>
  <system-out/>
  <testcase classname="com.odel.test.LoginPageTest" name="verifyLoginCredentials" time="14.283"/>
  <system-out/>
  <testcase classname="com.odel.test.LoginPageTest" name="verifyLoginCredentials" time="16.063"/>
  <system-out/>
  <testcase classname="com.odel.test.LoginPageTest" name="verifyLoginCredentials" time="12.734"/>
  <system-out/>
  <testcase classname="com.odel.test.LoginPageTest" name="verifyLoginCredentials" time="14.843"/>
  <system-out/>
  <testcase classname="com.odel.test.LoginPageTest" name="verifyLoginCredentials" time="15.468"/>
  <system-out/>
  <testcase classname="com.odel.test.LoginPageTest" name="verifyLoginCredentials" time="13.417"/>
  <system-out/>
</testsuite> <!-- com.odel.test.LoginPageTest -->
