<?xml version="1.0" encoding="UTF-8"?>
<!-- Generated by org.testng.reporters.JUnitReportReporter -->
<testsuite hostname="YASINTHA-PC" failures="0" tests="2" name="com.odel.test.FoodAndBeveragePageTest" time="22.005" errors="0" timestamp="2025-01-12T14:29:34 IST" skipped="0">
  <testcase classname="com.odel.test.FoodAndBeveragePageTest" name="verifyFoodAndBeveragePageTitleTest" time="12.230"/>
  <system-out/>
  <testcase classname="com.odel.test.FoodAndBeveragePageTest" name="verifyFoodAndBeveragePageTitleTest" time="9.775"/>
  <system-out/>
</testsuite> <!-- com.odel.test.FoodAndBeveragePageTest -->
