<?xml version="1.0" encoding="UTF-8"?>
<!-- Generated by org.testng.reporters.JUnitReportReporter -->
<testsuite hostname="YASINTHA-PC" failures="0" tests="4" name="com.odel.test.ShopByBrandsPageTest" time="43.252" errors="0" timestamp="2025-01-12T14:29:34 IST" skipped="0">
  <testcase classname="com.odel.test.ShopByBrandsPageTest" name="verifyShopByBrandsPageTitleTest" time="14.323"/>
  <system-out/>
  <testcase classname="com.odel.test.ShopByBrandsPageTest" name="verifyShopByBrandsPageTitleTest" time="7.725"/>
  <system-out/>
  <testcase classname="com.odel.test.ShopByBrandsPageTest" name="verifyShopByBrandsPageLabelTest" time="6.457"/>
  <system-out/>
  <testcase classname="com.odel.test.ShopByBrandsPageTest" name="verifyShopByBrandsPageLabelTest" time="14.747"/>
  <system-out/>
</testsuite> <!-- com.odel.test.ShopByBrandsPageTest -->
