<?xml version="1.0" encoding="UTF-8"?>
<!-- Generated by org.testng.reporters.JUnitReportReporter -->
<testsuite hostname="YASINTHA-PC" failures="0" tests="52" name="com.odel.test.HomePageTest" time="647.408" errors="0" timestamp="2025-01-12T14:29:34 IST" skipped="0">
  <testcase classname="com.odel.test.HomePageTest" name="verifyHomePageTitleTest" time="11.828"/>
  <system-out/>
  <testcase classname="com.odel.test.HomePageTest" name="verifyHomePageTitleTest" time="7.397"/>
  <system-out/>
  <testcase classname="com.odel.test.HomePageTest" name="verifyHomePageLogoTest" time="12.008"/>
  <system-out/>
  <testcase classname="com.odel.test.HomePageTest" name="verifyHomePageLogoTest" time="8.897"/>
  <system-out/>
  <testcase classname="com.odel.test.HomePageTest" name="verifyHomePageLogoClickTest" time="12.121"/>
  <system-out/>
  <testcase classname="com.odel.test.HomePageTest" name="verifyHomePageLogoClickTest" time="12.722"/>
  <system-out/>
  <testcase classname="com.odel.test.HomePageTest" name="verifyHomePageSearchIconTest" time="13.326"/>
  <system-out/>
  <testcase classname="com.odel.test.HomePageTest" name="verifyHomePageSearchIconTest" time="10.373"/>
  <system-out/>
  <testcase classname="com.odel.test.HomePageTest" name="verifyHomePageCartIconTest" time="10.774"/>
  <system-out/>
  <testcase classname="com.odel.test.HomePageTest" name="verifyHomePageCartIconTest" time="10.914"/>
  <system-out/>
  <testcase classname="com.odel.test.HomePageTest" name="verifyHomePageProfileIconTest" time="11.923"/>
  <system-out/>
  <testcase classname="com.odel.test.HomePageTest" name="verifyHomePageProfileIconTest" time="12.857"/>
  <system-out/>
  <testcase classname="com.odel.test.HomePageTest" name="verifyHomePageAccountIconTest" time="9.705"/>
  <system-out/>
  <testcase classname="com.odel.test.HomePageTest" name="verifyHomePageAccountIconTest" time="5.851"/>
  <system-out/>
  <testcase classname="com.odel.test.HomePageTest" name="verifyDealsLinkTest" time="12.981"/>
  <system-out/>
  <testcase classname="com.odel.test.HomePageTest" name="verifyDealsLinkTest" time="10.557"/>
  <system-out/>
  <testcase classname="com.odel.test.HomePageTest" name="verifyNewCollectionLinkTest" time="11.507"/>
  <system-out/>
  <testcase classname="com.odel.test.HomePageTest" name="verifyNewCollectionLinkTest" time="13.407"/>
  <system-out/>
  <testcase classname="com.odel.test.HomePageTest" name="verifyShopByBrandsLinkTest" time="8.730"/>
  <system-out/>
  <testcase classname="com.odel.test.HomePageTest" name="verifyShopByBrandsLinkTest" time="11.976"/>
  <system-out/>
  <testcase classname="com.odel.test.HomePageTest" name="verifyUniSexLinkTest" time="14.208"/>
  <system-out/>
  <testcase classname="com.odel.test.HomePageTest" name="verifyUniSexLinkTest" time="11.621"/>
  <system-out/>
  <testcase classname="com.odel.test.HomePageTest" name="verifyWomenLinkTest" time="14.916"/>
  <system-out/>
  <testcase classname="com.odel.test.HomePageTest" name="verifyWomenLinkTest" time="15.519"/>
  <system-out/>
  <testcase classname="com.odel.test.HomePageTest" name="verifyMenLinkTest" time="8.842"/>
  <system-out/>
  <testcase classname="com.odel.test.HomePageTest" name="verifyMenLinkTest" time="14.936"/>
  <system-out/>
  <testcase classname="com.odel.test.HomePageTest" name="verifySportsLinkTest" time="10.076"/>
  <system-out/>
  <testcase classname="com.odel.test.HomePageTest" name="verifySportsLinkTest" time="12.219"/>
  <system-out/>
  <testcase classname="com.odel.test.HomePageTest" name="verifyFootwearLinkTest" time="13.903"/>
  <system-out/>
  <testcase classname="com.odel.test.HomePageTest" name="verifyFootwearLinkTest" time="10.922"/>
  <system-out/>
  <testcase classname="com.odel.test.HomePageTest" name="verifyBagsLinkTest" time="10.786"/>
  <system-out/>
  <testcase classname="com.odel.test.HomePageTest" name="verifyBagsLinkTest" time="12.555"/>
  <system-out/>
  <testcase classname="com.odel.test.HomePageTest" name="verifyWatchesAndSunglassesLinkTest" time="10.443"/>
  <system-out/>
  <testcase classname="com.odel.test.HomePageTest" name="verifyWatchesAndSunglassesLinkTest" time="13.994"/>
  <system-out/>
  <testcase classname="com.odel.test.HomePageTest" name="verifyJewelleryLinkTest" time="9.899"/>
  <system-out/>
  <testcase classname="com.odel.test.HomePageTest" name="verifyJewelleryLinkTest" time="12.435"/>
  <system-out/>
  <testcase classname="com.odel.test.HomePageTest" name="verifyKidsLinkTest" time="12.054"/>
  <system-out/>
  <testcase classname="com.odel.test.HomePageTest" name="verifyKidsLinkTest" time="15.492"/>
  <system-out/>
  <testcase classname="com.odel.test.HomePageTest" name="verifyHomeAndLifeStyleLinkTest" time="9.901"/>
  <system-out/>
  <testcase classname="com.odel.test.HomePageTest" name="verifyHomeAndLifeStyleLinkTest" time="13.933"/>
  <system-out/>
  <testcase classname="com.odel.test.HomePageTest" name="verifyFoodAndBeverageLinkTest" time="14.652"/>
  <system-out/>
  <testcase classname="com.odel.test.HomePageTest" name="verifyFoodAndBeverageLinkTest" time="14.158"/>
  <system-out/>
  <testcase classname="com.odel.test.HomePageTest" name="verifySouvenirsAndGiftsLinkTest" time="11.817"/>
  <system-out/>
  <testcase classname="com.odel.test.HomePageTest" name="verifySouvenirsAndGiftsLinkTest" time="18.268"/>
  <system-out/>
  <testcase classname="com.odel.test.HomePageTest" name="verifyLoginPageLinkTest" time="12.667"/>
  <system-out/>
  <testcase classname="com.odel.test.HomePageTest" name="verifyLoginPageLinkTest" time="12.606"/>
  <system-out/>
  <testcase classname="com.odel.test.HomePageTest" name="verifySignUpLinkTest" time="10.758"/>
  <system-out/>
  <testcase classname="com.odel.test.HomePageTest" name="verifySignUpLinkTest" time="12.163"/>
  <system-out/>
  <testcase classname="com.odel.test.HomePageTest" name="verifyProfileIconRedirectionTest" time="14.221"/>
  <system-out/>
  <testcase classname="com.odel.test.HomePageTest" name="verifyProfileIconRedirectionTest" time="13.030"/>
  <system-out/>
  <testcase classname="com.odel.test.HomePageTest" name="verifyProfileAfterlogin" time="20.042"/>
  <system-out/>
  <testcase classname="com.odel.test.HomePageTest" name="verifyProfileAfterlogin" time="24.518"/>
  <system-out/>
</testsuite> <!-- com.odel.test.HomePageTest -->
