<?xml version="1.0" encoding="UTF-8"?>
<!-- Generated by org.testng.reporters.JUnitReportReporter -->
<testsuite hostname="YASINTHA-PC" failures="0" tests="1" name="com.odel.test.BagsPageTest" time="13.613" errors="0" timestamp="2025-01-12T22:53:40 IST" skipped="0">
  <testcase classname="com.odel.test.BagsPageTest" name="verifyBagsPageTitleTest" time="13.613"/>
  <system-out/>
</testsuite> <!-- com.odel.test.BagsPageTest -->
