<?xml version="1.0" encoding="UTF-8"?>
<!-- Generated by org.testng.reporters.JUnitReportReporter -->
<testsuite hostname="YASINTHA-PC" failures="0" tests="1" name="com.odel.test.KidsPageTest" time="10.455" errors="0" timestamp="2025-01-11T16:19:02 IST" skipped="0">
  <testcase classname="com.odel.test.KidsPageTest" name="verifyDealsPageTitleTest" time="10.455"/>
  <system-out/>
</testsuite> <!-- com.odel.test.KidsPageTest -->
