<?xml version="1.0" encoding="UTF-8"?>
<!-- Generated by org.testng.reporters.JUnitReportReporter -->
<testsuite hostname="YASINTHA-PC" failures="0" tests="1" name="com.odel.test.SouvenirsAndGiftsPageTest" time="7.846" errors="0" timestamp="2025-01-11T16:28:47 IST" skipped="0">
  <testcase classname="com.odel.test.SouvenirsAndGiftsPageTest" name="verifySouvenirsAndGiftsPageTitleTest" time="7.846"/>
  <system-out/>
</testsuite> <!-- com.odel.test.SouvenirsAndGiftsPageTest -->
