<?xml version="1.0" encoding="UTF-8"?>
<!-- Generated by org.testng.reporters.JUnitReportReporter -->
<testsuite hostname="YASINTHA-PC" failures="0" tests="1" name="com.odel.test.SportsPageTest" time="13.843" errors="0" timestamp="2025-01-11T16:33:12 IST" skipped="0">
  <testcase classname="com.odel.test.SportsPageTest" name="verifySportsPageTitleTest" time="13.843"/>
  <system-out/>
</testsuite> <!-- com.odel.test.SportsPageTest -->
