<?xml version="1.0" encoding="UTF-8"?>
<!-- Generated by org.testng.reporters.JUnitReportReporter -->
<testsuite hostname="YASINTHA-PC" failures="0" tests="26" name="com.odel.test.HomePageTest" time="307.776" errors="0" timestamp="2025-01-12T22:53:40 IST" skipped="0">
  <testcase classname="com.odel.test.HomePageTest" name="verifyHomePageTitleTest" time="9.799"/>
  <system-out/>
  <testcase classname="com.odel.test.HomePageTest" name="verifyHomePageLogoTest" time="8.427"/>
  <system-out/>
  <testcase classname="com.odel.test.HomePageTest" name="verifyHomePageLogoClickTest" time="11.791"/>
  <system-out/>
  <testcase classname="com.odel.test.HomePageTest" name="verifyHomePageSearchIconTest" time="9.770"/>
  <system-out/>
  <testcase classname="com.odel.test.HomePageTest" name="verifyHomePageCartIconTest" time="9.712"/>
  <system-out/>
  <testcase classname="com.odel.test.HomePageTest" name="verifyHomePageProfileIconTest" time="9.877"/>
  <system-out/>
  <testcase classname="com.odel.test.HomePageTest" name="verifyHomePageAccountIconTest" time="10.836"/>
  <system-out/>
  <testcase classname="com.odel.test.HomePageTest" name="verifyDealsLinkTest" time="17.155"/>
  <system-out/>
  <testcase classname="com.odel.test.HomePageTest" name="verifyNewCollectionLinkTest" time="15.570"/>
  <system-out/>
  <testcase classname="com.odel.test.HomePageTest" name="verifyShopByBrandsLinkTest" time="12.717"/>
  <system-out/>
  <testcase classname="com.odel.test.HomePageTest" name="verifyUniSexLinkTest" time="9.317"/>
  <system-out/>
  <testcase classname="com.odel.test.HomePageTest" name="verifyWomenLinkTest" time="12.594"/>
  <system-out/>
  <testcase classname="com.odel.test.HomePageTest" name="verifyMenLinkTest" time="11.813"/>
  <system-out/>
  <testcase classname="com.odel.test.HomePageTest" name="verifySportsLinkTest" time="13.538"/>
  <system-out/>
  <testcase classname="com.odel.test.HomePageTest" name="verifyFootwearLinkTest" time="10.989"/>
  <system-out/>
  <testcase classname="com.odel.test.HomePageTest" name="verifyBagsLinkTest" time="10.958"/>
  <system-out/>
  <testcase classname="com.odel.test.HomePageTest" name="verifyWatchesAndSunglassesLinkTest" time="11.790"/>
  <system-out/>
  <testcase classname="com.odel.test.HomePageTest" name="verifyJewelleryLinkTest" time="13.313"/>
  <system-out/>
  <testcase classname="com.odel.test.HomePageTest" name="verifyKidsLinkTest" time="16.440"/>
  <system-out/>
  <testcase classname="com.odel.test.HomePageTest" name="verifyHomeAndLifeStyleLinkTest" time="12.693"/>
  <system-out/>
  <testcase classname="com.odel.test.HomePageTest" name="verifyFoodAndBeverageLinkTest" time="10.897"/>
  <system-out/>
  <testcase classname="com.odel.test.HomePageTest" name="verifySouvenirsAndGiftsLinkTest" time="9.269"/>
  <system-out/>
  <testcase classname="com.odel.test.HomePageTest" name="verifyLoginPageLinkTest" time="9.871"/>
  <system-out/>
  <testcase classname="com.odel.test.HomePageTest" name="verifySignUpLinkTest" time="7.841"/>
  <system-out/>
  <testcase classname="com.odel.test.HomePageTest" name="verifyProfileIconRedirectionTest" time="11.282"/>
  <system-out/>
  <testcase classname="com.odel.test.HomePageTest" name="verifyProfileAfterlogin" time="19.517"/>
  <system-out/>
</testsuite> <!-- com.odel.test.HomePageTest -->
