<?xml version="1.0" encoding="UTF-8"?>
<!-- Generated by org.testng.reporters.JUnitReportReporter -->
<testsuite hostname="YASINTHA-PC" failures="0" tests="1" name="com.odel.test.FootwearPageTest" time="9.796" errors="0" timestamp="2025-01-11T16:12:22 IST" skipped="0">
  <testcase classname="com.odel.test.FootwearPageTest" name="verifyDealsPageTitleTest" time="9.796"/>
  <system-out/>
</testsuite> <!-- com.odel.test.FootwearPageTest -->
