<?xml version="1.0" encoding="UTF-8"?>
<!-- Generated by org.testng.reporters.JUnitReportReporter -->
<testsuite hostname="YASINTHA-PC" failures="0" tests="1" name="com.odel.test.HomePageTest" time="18.598" errors="0" timestamp="2025-01-11T21:08:54 IST" skipped="0">
  <testcase classname="com.odel.test.HomePageTest" name="verifyProfileAfterlogin" time="18.598"/>
  <system-out/>
</testsuite> <!-- com.odel.test.HomePageTest -->
