<?xml version="1.0" encoding="UTF-8"?>
<!-- Generated by org.testng.reporters.JUnitReportReporter -->
<testsuite hostname="YASINTHA-PC" failures="0" tests="12" name="com.odel.test.LoginPageTest" time="151.597" errors="0" timestamp="2025-01-12T22:53:40 IST" skipped="0">
  <testcase classname="com.odel.test.LoginPageTest" name="verifyLoginPageTitleTest" time="13.707"/>
  <system-out/>
  <testcase classname="com.odel.test.LoginPageTest" name="verifyLoginPageLabelTest" time="8.207"/>
  <system-out/>
  <testcase classname="com.odel.test.LoginPageTest" name="verifyLoginPageLogoClickTest" time="17.333"/>
  <system-out/>
  <testcase classname="com.odel.test.LoginPageTest" name="welcomeTextDisplayTest" time="8.519"/>
  <system-out/>
  <testcase classname="com.odel.test.LoginPageTest" name="verifySignUpPageButtonClickTest" time="8.705"/>
  <system-out/>
  <testcase classname="com.odel.test.LoginPageTest" name="verifyLoginPageBackButtonClickTest" time="12.548"/>
  <system-out/>
  <testcase classname="com.odel.test.LoginPageTest" name="passwordMaskingTest" time="12.295"/>
  <system-out/>
  <testcase classname="com.odel.test.LoginPageTest" name="forgotPasswordLinkTest" time="12.388"/>
  <system-out/>
  <testcase classname="com.odel.test.LoginPageTest" name="verifyLoginCredentials" time="12.842"/>
  <system-out/>
  <testcase classname="com.odel.test.LoginPageTest" name="verifyLoginCredentials" time="15.094"/>
  <system-out/>
  <testcase classname="com.odel.test.LoginPageTest" name="verifyLoginCredentials" time="15.019"/>
  <system-out/>
  <testcase classname="com.odel.test.LoginPageTest" name="verifyLoginCredentials" time="14.940"/>
  <system-out/>
</testsuite> <!-- com.odel.test.LoginPageTest -->
