<?xml version="1.0" encoding="UTF-8"?>
<!-- Generated by org.testng.reporters.JUnitReportReporter -->
<testsuite hostname="YASINTHA-PC" failures="0" tests="12" name="com.odel.test.SignUpPageTest" time="149.130" errors="0" timestamp="2025-01-12T14:29:34 IST" skipped="0">
  <testcase classname="com.odel.test.SignUpPageTest" name="verifySignUpPageTitleTest" time="12.684"/>
  <system-out/>
  <testcase classname="com.odel.test.SignUpPageTest" name="verifySignUpPageTitleTest" time="13.731"/>
  <system-out/>
  <testcase classname="com.odel.test.SignUpPageTest" name="verifySignUpPageLabelTest" time="13.474"/>
  <system-out/>
  <testcase classname="com.odel.test.SignUpPageTest" name="verifySignUpPageLabelTest" time="11.696"/>
  <system-out/>
  <testcase classname="com.odel.test.SignUpPageTest" name="verifyLoginPageButtonClickTest" time="11.166"/>
  <system-out/>
  <testcase classname="com.odel.test.SignUpPageTest" name="verifyLoginPageButtonClickTest" time="14.873"/>
  <system-out/>
  <testcase classname="com.odel.test.SignUpPageTest" name="welcomeTextDisplayTest" time="12.282"/>
  <system-out/>
  <testcase classname="com.odel.test.SignUpPageTest" name="forgotPasswordLinkTest" time="12.850"/>
  <system-out/>
  <testcase classname="com.odel.test.SignUpPageTest" name="forgotPasswordLinkTest" time="9.399"/>
  <system-out/>
  <testcase classname="com.odel.test.SignUpPageTest" name="welcomeTextDisplayTest" time="10.469"/>
  <system-out/>
  <testcase classname="com.odel.test.SignUpPageTest" name="verifySignUpPageLogoClickTest" time="15.527"/>
  <system-out/>
  <testcase classname="com.odel.test.SignUpPageTest" name="verifySignUpPageLogoClickTest" time="10.979"/>
  <system-out/>
</testsuite> <!-- com.odel.test.SignUpPageTest -->
