<?xml version="1.0" encoding="UTF-8"?>
<!-- Generated by org.testng.reporters.JUnitReportReporter -->
<testsuite hostname="YASINTHA-PC" failures="0" tests="2" name="com.odel.test.ShopByBrandsPageTest" time="22.185" errors="0" timestamp="2025-01-12T22:53:40 IST" skipped="0">
  <testcase classname="com.odel.test.ShopByBrandsPageTest" name="verifyShopByBrandsPageTitleTest" time="10.986"/>
  <system-out/>
  <testcase classname="com.odel.test.ShopByBrandsPageTest" name="verifyShopByBrandsPageLabelTest" time="11.199"/>
  <system-out/>
</testsuite> <!-- com.odel.test.ShopByBrandsPageTest -->
