<?xml version="1.0" encoding="UTF-8"?>
<!-- Generated by org.testng.reporters.JUnitReportReporter -->
<testsuite hostname="YASINTHA-PC" failures="0" tests="1" name="com.odel.test.JewelleryPageTest" time="14.477" errors="0" timestamp="2025-01-11T15:51:11 IST" skipped="0">
  <testcase classname="com.odel.test.JewelleryPageTest" name="verifyJewelleryPageTitleTest" time="14.477"/>
  <system-out/>
</testsuite> <!-- com.odel.test.JewelleryPageTest -->
