<?xml version="1.0" encoding="UTF-8"?>
<!-- Generated by org.testng.reporters.JUnitReportReporter -->
<testsuite hostname="YASINTHA-PC" failures="0" tests="1" name="com.odel.test.DummyClass" time="9.324" errors="0" timestamp="2025-01-10T22:50:40 IST" skipped="0">
  <testcase classname="com.odel.test.DummyClass" name="dummyTest" time="9.324"/>
  <system-out/>
</testsuite> <!-- com.odel.test.DummyClass -->
