<?xml version="1.0" encoding="UTF-8"?>
<!-- Generated by org.testng.reporters.JUnitReportReporter -->
<testsuite hostname="YASINTHA-PC" failures="0" tests="2" name="com.odel.test.JewelleryPageTest" time="22.039" errors="0" timestamp="2025-01-12T14:29:34 IST" skipped="0">
  <testcase classname="com.odel.test.JewelleryPageTest" name="verifyJewelleryPageTitleTest" time="12.566"/>
  <system-out/>
  <testcase classname="com.odel.test.JewelleryPageTest" name="verifyJewelleryPageTitleTest" time="9.473"/>
  <system-out/>
</testsuite> <!-- com.odel.test.JewelleryPageTest -->
