<?xml version="1.0" encoding="UTF-8"?>
<!-- Generated by org.testng.reporters.JUnitReportReporter -->
<testsuite hostname="YASINTHA-PC" failures="0" tests="1" name="com.odel.test.HomeAndLifeStylePageTest" time="14.058" errors="0" timestamp="2025-01-11T16:16:01 IST" skipped="0">
  <testcase classname="com.odel.test.HomeAndLifeStylePageTest" name="verifyDealsPageTitleTest" time="14.058"/>
  <system-out/>
</testsuite> <!-- com.odel.test.HomeAndLifeStylePageTest -->
