<?xml version="1.0" encoding="UTF-8"?>
<!-- Generated by org.testng.reporters.JUnitReportReporter -->
<testsuite hostname="YASINTHA-PC" failures="0" tests="2" name="com.odel.test.WomenPageTest" time="24.514" errors="0" timestamp="2025-01-12T14:29:34 IST" skipped="0">
  <testcase classname="com.odel.test.WomenPageTest" name="verifyUniSexPageLabelTest" time="10.340"/>
  <system-out/>
  <testcase classname="com.odel.test.WomenPageTest" name="verifyUniSexPageLabelTest" time="14.174"/>
  <system-out/>
</testsuite> <!-- com.odel.test.WomenPageTest -->
