<?xml version="1.0" encoding="UTF-8"?>
<!-- Generated by org.testng.reporters.JUnitReportReporter -->
<testsuite hostname="YASINTHA-PC" failures="0" tests="1" name="com.odel.test.LoginPageTest" time="10.313" errors="0" timestamp="2025-01-11T14:00:00 IST" skipped="0">
  <testcase classname="com.odel.test.LoginPageTest" name="verifyLoginPageLogoClickTest" time="10.313"/>
  <system-out/>
</testsuite> <!-- com.odel.test.LoginPageTest -->
