<?xml version="1.0" encoding="UTF-8"?>
<!-- Generated by org.testng.reporters.JUnitReportReporter -->
<testsuite hostname="YASINTHA-PC" failures="0" tests="1" name="com.odel.test.MenPageTest" time="13.612" errors="0" timestamp="2025-01-11T16:21:52 IST" skipped="0">
  <testcase classname="com.odel.test.MenPageTest" name="verifyDealsPageTitleTest" time="13.612"/>
  <system-out/>
</testsuite> <!-- com.odel.test.MenPageTest -->
