<?xml version="1.0" encoding="UTF-8"?>
<!-- Generated by org.testng.reporters.JUnitReportReporter -->
<testsuite hostname="YASINTHA-PC" failures="0" tests="12" name="com.odel.test.LoginPageTest" time="138.583" errors="0" timestamp="2025-01-11T15:12:36 IST" skipped="0">
  <testcase classname="com.odel.test.LoginPageTest" name="verifyLoginPageTitleTest" time="12.625"/>
  <testcase classname="com.odel.test.LoginPageTest" name="verifyLoginPageLabelTest" time="11.069"/>
  <testcase classname="com.odel.test.LoginPageTest" name="verifyLoginPageLogoClickTest" time="12.540"/>
  <testcase classname="com.odel.test.LoginPageTest" name="welcomeTextDisplayTest" time="8.756"/>
  <testcase classname="com.odel.test.LoginPageTest" name="verifySignUpPageButtonClickTest" time="6.804"/>
  <testcase classname="com.odel.test.LoginPageTest" name="verifyLoginPageBackButtonClickTest" time="11.060"/>
  <testcase classname="com.odel.test.LoginPageTest" name="passwordMaskingTest" time="11.275"/>
  <testcase classname="com.odel.test.LoginPageTest" name="forgotPasswordLinkTest" time="8.495"/>
  <testcase classname="com.odel.test.LoginPageTest" name="verifyLoginCredentials" time="17.460"/>
  <testcase classname="com.odel.test.LoginPageTest" name="verifyLoginCredentials" time="12.977"/>
  <testcase classname="com.odel.test.LoginPageTest" name="verifyLoginCredentials" time="11.197"/>
  <testcase classname="com.odel.test.LoginPageTest" name="verifyLoginCredentials" time="14.325"/>
</testsuite> <!-- com.odel.test.LoginPageTest -->
