<?xml version="1.0" encoding="UTF-8"?>
<!-- Generated by org.testng.reporters.JUnitReportReporter -->
<testsuite hostname="YASINTHA-PC" failures="0" tests="24" name="com.odel.test.HomePageTest" time="251.218" errors="0" timestamp="2025-01-11T15:12:36 IST" skipped="0">
  <testcase classname="com.odel.test.HomePageTest" name="verifyHomePageTitleTest" time="7.553"/>
  <testcase classname="com.odel.test.HomePageTest" name="verifyHomePageLogoTest" time="8.260"/>
  <testcase classname="com.odel.test.HomePageTest" name="verifyHomePageLogoClickTest" time="9.689"/>
  <testcase classname="com.odel.test.HomePageTest" name="verifyHomePageSearchIconTest" time="8.406"/>
  <testcase classname="com.odel.test.HomePageTest" name="verifyHomePageCartIconTest" time="5.780"/>
  <testcase classname="com.odel.test.HomePageTest" name="verifyHomePageProfileIconTest" time="5.390"/>
  <testcase classname="com.odel.test.HomePageTest" name="verifyHomePageAccountIconTest" time="9.161"/>
  <testcase classname="com.odel.test.HomePageTest" name="verifyDealsLinkTest" time="8.856"/>
  <testcase classname="com.odel.test.HomePageTest" name="verifyNewCollectionLinkTest" time="10.447"/>
  <testcase classname="com.odel.test.HomePageTest" name="verifyShopByBrandsLinkTest" time="8.349"/>
  <testcase classname="com.odel.test.HomePageTest" name="verifyUniSexLinkTest" time="12.808"/>
  <testcase classname="com.odel.test.HomePageTest" name="verifyWomenLinkTest" time="12.414"/>
  <testcase classname="com.odel.test.HomePageTest" name="verifyMenLinkTest" time="13.492"/>
  <testcase classname="com.odel.test.HomePageTest" name="verifySportsLinkTest" time="11.326"/>
  <testcase classname="com.odel.test.HomePageTest" name="verifyFootwearLinkTest" time="11.675"/>
  <testcase classname="com.odel.test.HomePageTest" name="verifyBagsLinkTest" time="10.876"/>
  <testcase classname="com.odel.test.HomePageTest" name="verifyWatchesAndSunglassesLinkTest" time="7.917"/>
  <testcase classname="com.odel.test.HomePageTest" name="verifyJewelleryLinkTest" time="12.363"/>
  <testcase classname="com.odel.test.HomePageTest" name="verifyKidsLinkTest" time="12.993"/>
  <testcase classname="com.odel.test.HomePageTest" name="verifyHomeAndLifeStyleLinkTest" time="14.107"/>
  <testcase classname="com.odel.test.HomePageTest" name="verifyFoodAndBeverageLinkTest" time="13.933"/>
  <testcase classname="com.odel.test.HomePageTest" name="verifySouvenirsAndGiftsLinkTest" time="13.805"/>
  <testcase classname="com.odel.test.HomePageTest" name="verifyLoginPageLinkTest" time="11.119"/>
  <testcase classname="com.odel.test.HomePageTest" name="verifySignUpLinkTest" time="10.499"/>
</testsuite> <!-- com.odel.test.HomePageTest -->
