<?xml version="1.0" encoding="UTF-8"?>
<!-- Generated by org.testng.reporters.JUnitReportReporter -->
<testsuite hostname="YASINTHA-PC" failures="0" tests="2" name="com.odel.test.NewCollectionPageTest" time="18.260" errors="0" timestamp="2025-01-11T21:53:31 IST" skipped="0">
  <testcase classname="com.odel.test.NewCollectionPageTest" name="verifyNewCollectionPageTitleTest" time="7.715"/>
  <testcase classname="com.odel.test.NewCollectionPageTest" name="verifyNewCollectionPageTitleTest" time="10.545"/>
</testsuite> <!-- com.odel.test.NewCollectionPageTest -->
