<?xml version="1.0" encoding="UTF-8"?>
<!-- Generated by org.testng.reporters.JUnitReportReporter -->
<testsuite hostname="YASINTHA-PC" failures="0" tests="2" name="com.odel.test.UniSexPageTest" time="22.250" errors="0" timestamp="2025-01-11T21:53:31 IST" skipped="0">
  <testcase classname="com.odel.test.UniSexPageTest" name="verifyUniSexPageLabelTest" time="10.860"/>
  <testcase classname="com.odel.test.UniSexPageTest" name="verifyUniSexPageLabelTest" time="11.390"/>
</testsuite> <!-- com.odel.test.UniSexPageTest -->
