<?xml version="1.0" encoding="UTF-8"?>
<!-- Generated by org.testng.reporters.JUnitReportReporter -->
<testsuite hostname="YASINTHA-PC" failures="0" tests="1" name="com.odel.test.WomenPageTest" time="16.753" errors="0" timestamp="2025-01-11T15:12:36 IST" skipped="0">
  <testcase classname="com.odel.test.WomenPageTest" name="verifyUniSexPageLabelTest" time="16.753"/>
</testsuite> <!-- com.odel.test.WomenPageTest -->
