<?xml version="1.0" encoding="UTF-8"?>
<!-- Generated by org.testng.reporters.JUnitReportReporter -->
<testsuite hostname="YASINTHA-PC" failures="0" tests="4" name="com.odel.test.ShopByBrandsPageTest" time="32.696" errors="0" timestamp="2025-01-11T21:53:31 IST" skipped="0">
  <testcase classname="com.odel.test.ShopByBrandsPageTest" name="verifyShopByBrandsPageTitleTest" time="8.942"/>
  <testcase classname="com.odel.test.ShopByBrandsPageTest" name="verifyShopByBrandsPageTitleTest" time="6.390"/>
  <testcase classname="com.odel.test.ShopByBrandsPageTest" name="verifyShopByBrandsPageLabelTest" time="9.372"/>
  <testcase classname="com.odel.test.ShopByBrandsPageTest" name="verifyShopByBrandsPageLabelTest" time="7.992"/>
</testsuite> <!-- com.odel.test.ShopByBrandsPageTest -->
