<?xml version="1.0" encoding="UTF-8"?>
<!-- Generated by org.testng.reporters.JUnitReportReporter -->
<testsuite hostname="YASINTHA-PC" failures="0" tests="12" name="com.odel.test.SignUpPageTest" time="121.551" errors="0" timestamp="2025-01-11T21:53:31 IST" skipped="0">
  <testcase classname="com.odel.test.SignUpPageTest" name="verifySignUpPageTitleTest" time="7.650"/>
  <testcase classname="com.odel.test.SignUpPageTest" name="verifySignUpPageTitleTest" time="8.860"/>
  <testcase classname="com.odel.test.SignUpPageTest" name="verifySignUpPageLabelTest" time="11.023"/>
  <testcase classname="com.odel.test.SignUpPageTest" name="verifySignUpPageLabelTest" time="10.821"/>
  <testcase classname="com.odel.test.SignUpPageTest" name="verifyLoginPageButtonClickTest" time="8.656"/>
  <testcase classname="com.odel.test.SignUpPageTest" name="verifyLoginPageButtonClickTest" time="8.142"/>
  <testcase classname="com.odel.test.SignUpPageTest" name="forgotPasswordLinkTest" time="13.136"/>
  <testcase classname="com.odel.test.SignUpPageTest" name="welcomeTextDisplayTest" time="8.303"/>
  <testcase classname="com.odel.test.SignUpPageTest" name="welcomeTextDisplayTest" time="7.732"/>
  <testcase classname="com.odel.test.SignUpPageTest" name="forgotPasswordLinkTest" time="11.993"/>
  <testcase classname="com.odel.test.SignUpPageTest" name="verifySignUpPageLogoClickTest" time="12.430"/>
  <testcase classname="com.odel.test.SignUpPageTest" name="verifySignUpPageLogoClickTest" time="12.805"/>
</testsuite> <!-- com.odel.test.SignUpPageTest -->
