<?xml version="1.0" encoding="UTF-8"?>
<!-- Generated by org.testng.reporters.JUnitReportReporter -->
<testsuite hostname="YASINTHA-PC" failures="0" tests="2" name="com.odel.test.WomenPageTest" time="29.073" errors="0" timestamp="2025-01-11T21:53:31 IST" skipped="0">
  <testcase classname="com.odel.test.WomenPageTest" name="verifyUniSexPageLabelTest" time="14.542"/>
  <testcase classname="com.odel.test.WomenPageTest" name="verifyUniSexPageLabelTest" time="14.531"/>
</testsuite> <!-- com.odel.test.WomenPageTest -->
