<?xml version="1.0" encoding="UTF-8"?>
<!-- Generated by org.testng.reporters.JUnitReportReporter -->
<testsuite hostname="YASINTHA-PC" failures="0" tests="1" name="com.odel.test.DealsPageTest" time="10.474" errors="0" timestamp="2025-01-11T15:12:36 IST" skipped="0">
  <testcase classname="com.odel.test.DealsPageTest" name="verifyDealsPageTitleTest" time="10.474"/>
</testsuite> <!-- com.odel.test.DealsPageTest -->
