<?xml version="1.0" encoding="UTF-8"?>
<!-- Generated by org.testng.reporters.JUnitReportReporter -->
<testsuite hostname="YASINTHA-PC" failures="0" tests="24" name="com.odel.test.LoginPageTest" time="287.166" errors="0" timestamp="2025-01-11T21:53:31 IST" skipped="0">
  <testcase classname="com.odel.test.LoginPageTest" name="verifyLoginPageTitleTest" time="6.847"/>
  <testcase classname="com.odel.test.LoginPageTest" name="verifyLoginPageTitleTest" time="9.158"/>
  <testcase classname="com.odel.test.LoginPageTest" name="verifyLoginPageLabelTest" time="10.747"/>
  <testcase classname="com.odel.test.LoginPageTest" name="verifyLoginPageLabelTest" time="12.474"/>
  <testcase classname="com.odel.test.LoginPageTest" name="verifyLoginPageLogoClickTest" time="10.644"/>
  <testcase classname="com.odel.test.LoginPageTest" name="verifyLoginPageLogoClickTest" time="11.402"/>
  <testcase classname="com.odel.test.LoginPageTest" name="welcomeTextDisplayTest" time="9.090"/>
  <testcase classname="com.odel.test.LoginPageTest" name="welcomeTextDisplayTest" time="11.491"/>
  <testcase classname="com.odel.test.LoginPageTest" name="verifySignUpPageButtonClickTest" time="14.854"/>
  <testcase classname="com.odel.test.LoginPageTest" name="verifySignUpPageButtonClickTest" time="13.526"/>
  <testcase classname="com.odel.test.LoginPageTest" name="verifyLoginPageBackButtonClickTest" time="12.445"/>
  <testcase classname="com.odel.test.LoginPageTest" name="verifyLoginPageBackButtonClickTest" time="11.122"/>
  <testcase classname="com.odel.test.LoginPageTest" name="passwordMaskingTest" time="9.100"/>
  <testcase classname="com.odel.test.LoginPageTest" name="passwordMaskingTest" time="11.851"/>
  <testcase classname="com.odel.test.LoginPageTest" name="forgotPasswordLinkTest" time="11.086"/>
  <testcase classname="com.odel.test.LoginPageTest" name="forgotPasswordLinkTest" time="11.312"/>
  <testcase classname="com.odel.test.LoginPageTest" name="verifyLoginCredentials" time="13.446"/>
  <testcase classname="com.odel.test.LoginPageTest" name="verifyLoginCredentials" time="16.181"/>
  <testcase classname="com.odel.test.LoginPageTest" name="verifyLoginCredentials" time="15.006"/>
  <testcase classname="com.odel.test.LoginPageTest" name="verifyLoginCredentials" time="15.891"/>
  <testcase classname="com.odel.test.LoginPageTest" name="verifyLoginCredentials" time="14.244"/>
  <testcase classname="com.odel.test.LoginPageTest" name="verifyLoginCredentials" time="12.205"/>
  <testcase classname="com.odel.test.LoginPageTest" name="verifyLoginCredentials" time="13.119"/>
  <testcase classname="com.odel.test.LoginPageTest" name="verifyLoginCredentials" time="9.925"/>
</testsuite> <!-- com.odel.test.LoginPageTest -->
