<?xml version="1.0" encoding="UTF-8"?>
<!-- Generated by org.testng.reporters.JUnitReportReporter -->
<testsuite hostname="YASINTHA-PC" failures="0" tests="2" name="com.odel.test.ShopByBrandsPageTest" time="23.209" errors="0" timestamp="2025-01-11T15:12:36 IST" skipped="0">
  <testcase classname="com.odel.test.ShopByBrandsPageTest" name="verifyShopByBrandsPageTitleTest" time="11.440"/>
  <testcase classname="com.odel.test.ShopByBrandsPageTest" name="verifyShopByBrandsPageLabelTest" time="11.769"/>
</testsuite> <!-- com.odel.test.ShopByBrandsPageTest -->
