<?xml version="1.0" encoding="UTF-8"?>
<!-- Generated by org.testng.reporters.JUnitReportReporter -->
<testsuite hostname="YASINTHA-PC" failures="0" tests="6" name="com.odel.test.SignUpPageTest" time="56.481" errors="0" timestamp="2025-01-11T15:12:36 IST" skipped="0">
  <testcase classname="com.odel.test.SignUpPageTest" name="verifySignUpPageTitleTest" time="8.354"/>
  <testcase classname="com.odel.test.SignUpPageTest" name="verifySignUpPageLabelTest" time="6.673"/>
  <testcase classname="com.odel.test.SignUpPageTest" name="verifyLoginPageButtonClickTest" time="8.894"/>
  <testcase classname="com.odel.test.SignUpPageTest" name="forgotPasswordLinkTest" time="9.356"/>
  <testcase classname="com.odel.test.SignUpPageTest" name="welcomeTextDisplayTest" time="9.245"/>
  <testcase classname="com.odel.test.SignUpPageTest" name="verifySignUpPageLogoClickTest" time="13.959"/>
</testsuite> <!-- com.odel.test.SignUpPageTest -->
