<?xml version="1.0" encoding="UTF-8"?>
<!-- Generated by org.testng.reporters.JUnitReportReporter -->
<testsuite hostname="YASINTHA-PC" failures="0" tests="52" name="com.odel.test.HomePageTest" time="608.373" errors="0" timestamp="2025-01-11T21:53:31 IST" skipped="0">
  <testcase classname="com.odel.test.HomePageTest" name="verifyHomePageTitleTest" time="7.815"/>
  <testcase classname="com.odel.test.HomePageTest" name="verifyHomePageTitleTest" time="9.897"/>
  <testcase classname="com.odel.test.HomePageTest" name="verifyHomePageLogoTest" time="10.474"/>
  <testcase classname="com.odel.test.HomePageTest" name="verifyHomePageLogoTest" time="11.311"/>
  <testcase classname="com.odel.test.HomePageTest" name="verifyHomePageLogoClickTest" time="11.360"/>
  <testcase classname="com.odel.test.HomePageTest" name="verifyHomePageLogoClickTest" time="8.724"/>
  <testcase classname="com.odel.test.HomePageTest" name="verifyHomePageSearchIconTest" time="11.277"/>
  <testcase classname="com.odel.test.HomePageTest" name="verifyHomePageSearchIconTest" time="11.689"/>
  <testcase classname="com.odel.test.HomePageTest" name="verifyHomePageCartIconTest" time="7.728"/>
  <testcase classname="com.odel.test.HomePageTest" name="verifyHomePageCartIconTest" time="7.076"/>
  <testcase classname="com.odel.test.HomePageTest" name="verifyHomePageProfileIconTest" time="8.263"/>
  <testcase classname="com.odel.test.HomePageTest" name="verifyHomePageProfileIconTest" time="7.006"/>
  <testcase classname="com.odel.test.HomePageTest" name="verifyHomePageAccountIconTest" time="6.880"/>
  <testcase classname="com.odel.test.HomePageTest" name="verifyHomePageAccountIconTest" time="7.082"/>
  <testcase classname="com.odel.test.HomePageTest" name="verifyDealsLinkTest" time="13.057"/>
  <testcase classname="com.odel.test.HomePageTest" name="verifyDealsLinkTest" time="12.952"/>
  <testcase classname="com.odel.test.HomePageTest" name="verifyNewCollectionLinkTest" time="13.775"/>
  <testcase classname="com.odel.test.HomePageTest" name="verifyNewCollectionLinkTest" time="12.375"/>
  <testcase classname="com.odel.test.HomePageTest" name="verifyShopByBrandsLinkTest" time="14.100"/>
  <testcase classname="com.odel.test.HomePageTest" name="verifyShopByBrandsLinkTest" time="10.288"/>
  <testcase classname="com.odel.test.HomePageTest" name="verifyUniSexLinkTest" time="15.633"/>
  <testcase classname="com.odel.test.HomePageTest" name="verifyUniSexLinkTest" time="9.833"/>
  <testcase classname="com.odel.test.HomePageTest" name="verifyWomenLinkTest" time="13.714"/>
  <testcase classname="com.odel.test.HomePageTest" name="verifyWomenLinkTest" time="9.584"/>
  <testcase classname="com.odel.test.HomePageTest" name="verifyMenLinkTest" time="13.802"/>
  <testcase classname="com.odel.test.HomePageTest" name="verifyMenLinkTest" time="15.655"/>
  <testcase classname="com.odel.test.HomePageTest" name="verifySportsLinkTest" time="10.358"/>
  <testcase classname="com.odel.test.HomePageTest" name="verifySportsLinkTest" time="14.161"/>
  <testcase classname="com.odel.test.HomePageTest" name="verifyFootwearLinkTest" time="10.720"/>
  <testcase classname="com.odel.test.HomePageTest" name="verifyFootwearLinkTest" time="19.853"/>
  <testcase classname="com.odel.test.HomePageTest" name="verifyBagsLinkTest" time="10.703"/>
  <testcase classname="com.odel.test.HomePageTest" name="verifyBagsLinkTest" time="14.748"/>
  <testcase classname="com.odel.test.HomePageTest" name="verifyWatchesAndSunglassesLinkTest" time="16.248"/>
  <testcase classname="com.odel.test.HomePageTest" name="verifyWatchesAndSunglassesLinkTest" time="10.802"/>
  <testcase classname="com.odel.test.HomePageTest" name="verifyJewelleryLinkTest" time="10.920"/>
  <testcase classname="com.odel.test.HomePageTest" name="verifyJewelleryLinkTest" time="12.252"/>
  <testcase classname="com.odel.test.HomePageTest" name="verifyKidsLinkTest" time="8.527"/>
  <testcase classname="com.odel.test.HomePageTest" name="verifyKidsLinkTest" time="13.069"/>
  <testcase classname="com.odel.test.HomePageTest" name="verifyHomeAndLifeStyleLinkTest" time="12.830"/>
  <testcase classname="com.odel.test.HomePageTest" name="verifyHomeAndLifeStyleLinkTest" time="14.300"/>
  <testcase classname="com.odel.test.HomePageTest" name="verifyFoodAndBeverageLinkTest" time="15.623"/>
  <testcase classname="com.odel.test.HomePageTest" name="verifyFoodAndBeverageLinkTest" time="8.460"/>
  <testcase classname="com.odel.test.HomePageTest" name="verifySouvenirsAndGiftsLinkTest" time="13.685"/>
  <testcase classname="com.odel.test.HomePageTest" name="verifySouvenirsAndGiftsLinkTest" time="12.457"/>
  <testcase classname="com.odel.test.HomePageTest" name="verifyLoginPageLinkTest" time="9.476"/>
  <testcase classname="com.odel.test.HomePageTest" name="verifyLoginPageLinkTest" time="10.306"/>
  <testcase classname="com.odel.test.HomePageTest" name="verifySignUpLinkTest" time="10.808"/>
  <testcase classname="com.odel.test.HomePageTest" name="verifySignUpLinkTest" time="10.145"/>
  <testcase classname="com.odel.test.HomePageTest" name="verifyProfileIconRedirectionTest" time="9.333"/>
  <testcase classname="com.odel.test.HomePageTest" name="verifyProfileIconRedirectionTest" time="9.039"/>
  <testcase classname="com.odel.test.HomePageTest" name="verifyProfileAfterlogin" time="18.044"/>
  <testcase classname="com.odel.test.HomePageTest" name="verifyProfileAfterlogin" time="20.156"/>
</testsuite> <!-- com.odel.test.HomePageTest -->
