<?xml version="1.0" encoding="UTF-8"?>
<!-- Generated by org.testng.reporters.JUnitReportReporter -->
<testsuite hostname="YASINTHA-PC" failures="0" tests="2" name="com.odel.test.DealsPageTest" time="30.324" errors="0" timestamp="2025-01-11T21:53:31 IST" skipped="0">
  <testcase classname="com.odel.test.DealsPageTest" name="verifyDealsPageTitleTest" time="14.248"/>
  <testcase classname="com.odel.test.DealsPageTest" name="verifyDealsPageTitleTest" time="16.076"/>
</testsuite> <!-- com.odel.test.DealsPageTest -->
