<?xml version="1.0" encoding="UTF-8"?>
<!-- Generated by org.testng.reporters.JUnitReportReporter -->
<testsuite hostname="YASINTHA-PC" failures="0" tests="1" name="com.odel.test.UniSexPageTest" time="14.922" errors="0" timestamp="2025-01-11T15:12:36 IST" skipped="0">
  <testcase classname="com.odel.test.UniSexPageTest" name="verifyUniSexPageLabelTest" time="14.922"/>
</testsuite> <!-- com.odel.test.UniSexPageTest -->
